0 info it worked if it ends with ok
1 verbose cli [ '/Users/quweiliu/.nvm/versions/node/v6.5.0/bin/node',
1 verbose cli   '/Users/quweiliu/.nvm/versions/node/v6.5.0/bin/npm',
1 verbose cli   'run',
1 verbose cli   'commit',
1 verbose cli   '--',
1 verbose cli   '-S' ]
2 info using npm@3.10.3
3 info using node@v6.5.0
4 verbose run-script [ 'precommit', 'commit', 'postcommit' ]
5 info lifecycle react-testing-flow@1.0.0~precommit: react-testing-flow@1.0.0
6 silly lifecycle react-testing-flow@1.0.0~precommit: no script for precommit, continuing
7 info lifecycle react-testing-flow@1.0.0~commit: react-testing-flow@1.0.0
8 verbose lifecycle react-testing-flow@1.0.0~commit: unsafe-perm in lifecycle true
9 verbose lifecycle react-testing-flow@1.0.0~commit: PATH: /Users/quweiliu/.nvm/versions/node/v6.5.0/lib/node_modules/npm/bin/node-gyp-bin:/Users/quweiliu/Documents/my-project/practice/react-testing-flow/node_modules/.bin:/Users/quweiliu/.nvm/versions/node/v6.5.0/bin:/Users/quweiliu/.rvm/gems/ruby-2.2.1/bin:/Users/quweiliu/.rvm/gems/ruby-2.2.1@global/bin:/Users/quweiliu/.rvm/rubies/ruby-2.2.1/bin:/Users/quweiliu/.nvm/versions/node/v6.5.0/bin:/Users/quweiliu/bin:/usr/local/bin:/usr/local/bin:/usr/bin:/bin:/usr/sbin:/sbin:/opt/X11/bin:/usr/local/go/bin:/usr/local/MacGPG2/bin:/Users/quweiliu/Desktop/try/go/bin:/Users/quweiliu/.rvm/bin
10 verbose lifecycle react-testing-flow@1.0.0~commit: CWD: /Users/quweiliu/Documents/my-project/practice/react-testing-flow
11 silly lifecycle react-testing-flow@1.0.0~commit: Args: [ '-c', 'git-cz "-S"' ]
12 silly lifecycle react-testing-flow@1.0.0~commit: Returned: code: 1  signal: null
13 info lifecycle react-testing-flow@1.0.0~commit: Failed to exec commit script
14 verbose stack Error: react-testing-flow@1.0.0 commit: `git-cz "-S"`
14 verbose stack Exit status 1
14 verbose stack     at EventEmitter.<anonymous> (/Users/quweiliu/.nvm/versions/node/v6.5.0/lib/node_modules/npm/lib/utils/lifecycle.js:242:16)
14 verbose stack     at emitTwo (events.js:106:13)
14 verbose stack     at EventEmitter.emit (events.js:191:7)
14 verbose stack     at ChildProcess.<anonymous> (/Users/quweiliu/.nvm/versions/node/v6.5.0/lib/node_modules/npm/lib/utils/spawn.js:40:14)
14 verbose stack     at emitTwo (events.js:106:13)
14 verbose stack     at ChildProcess.emit (events.js:191:7)
14 verbose stack     at maybeClose (internal/child_process.js:877:16)
14 verbose stack     at Process.ChildProcess._handle.onexit (internal/child_process.js:226:5)
15 verbose pkgid react-testing-flow@1.0.0
16 verbose cwd /Users/quweiliu/Documents/my-project/practice/react-testing-flow
17 error Darwin 16.0.0
18 error argv "/Users/quweiliu/.nvm/versions/node/v6.5.0/bin/node" "/Users/quweiliu/.nvm/versions/node/v6.5.0/bin/npm" "run" "commit" "--" "-S"
19 error node v6.5.0
20 error npm  v3.10.3
21 error code ELIFECYCLE
22 error react-testing-flow@1.0.0 commit: `git-cz "-S"`
22 error Exit status 1
23 error Failed at the react-testing-flow@1.0.0 commit script 'git-cz "-S"'.
23 error Make sure you have the latest version of node.js and npm installed.
23 error If you do, this is most likely a problem with the react-testing-flow package,
23 error not with npm itself.
23 error Tell the author that this fails on your system:
23 error     git-cz "-S"
23 error You can get information on how to open an issue for this project with:
23 error     npm bugs react-testing-flow
23 error Or if that isn't available, you can get their info via:
23 error     npm owner ls react-testing-flow
23 error There is likely additional logging output above.
24 verbose exit [ 1, true ]
